0 info it worked if it ends with ok
1 verbose cli [ '/usr/bin/nodejs',
1 verbose cli   '/usr/bin/npm',
1 verbose cli   'install',
1 verbose cli   '@okta/oidc-middleware' ]
2 info using npm@1.3.10
3 info using node@v0.10.25
4 warn package.json nodejs-hello-world@0.0.0 No description
5 warn package.json nodejs-hello-world@0.0.0 No repository field.
6 warn package.json nodejs-hello-world@0.0.0 No README data
7 verbose readDependencies using package.json deps
8 verbose cache add [ '@okta/oidc-middleware', null ]
9 verbose cache add name=undefined spec="@okta/oidc-middleware" args=["@okta/oidc-middleware",null]
10 verbose parsed url { protocol: null,
10 verbose parsed url   slashes: null,
10 verbose parsed url   auth: null,
10 verbose parsed url   host: null,
10 verbose parsed url   port: null,
10 verbose parsed url   hostname: null,
10 verbose parsed url   hash: null,
10 verbose parsed url   search: null,
10 verbose parsed url   query: null,
10 verbose parsed url   pathname: '@okta/oidc-middleware',
10 verbose parsed url   path: '@okta/oidc-middleware',
10 verbose parsed url   href: '@okta/oidc-middleware' }
11 verbose cache add name="" spec="okta/oidc-middleware" args=["","okta/oidc-middleware"]
12 verbose parsed url { protocol: null,
12 verbose parsed url   slashes: null,
12 verbose parsed url   auth: null,
12 verbose parsed url   host: null,
12 verbose parsed url   port: null,
12 verbose parsed url   hostname: null,
12 verbose parsed url   hash: null,
12 verbose parsed url   search: null,
12 verbose parsed url   query: null,
12 verbose parsed url   pathname: 'okta/oidc-middleware',
12 verbose parsed url   path: 'okta/oidc-middleware',
12 verbose parsed url   href: 'okta/oidc-middleware' }
13 silly lockFile 6c6a4076-okta-oidc-middleware okta/oidc-middleware
14 verbose lock okta/oidc-middleware /home/vagrant/.npm/6c6a4076-okta-oidc-middleware.lock
15 info maybeGithub Attempting okta/oidc-middleware from git://github.com/okta/oidc-middleware
16 silly lockFile 48c36d5f--github-com-okta-oidc-middleware git://github.com/okta/oidc-middleware
17 verbose lock git://github.com/okta/oidc-middleware /home/vagrant/.npm/48c36d5f--github-com-okta-oidc-middleware.lock
18 verbose addRemoteGit [ 'git://github.com/okta/oidc-middleware', 'master' ]
19 verbose git clone git://github.com/okta/oidc-middleware Cloning into bare repository '/home/vagrant/.npm/_git-remotes/git-github-com-okta-oidc-middleware-48c36d5f'...
19 verbose git clone git://github.com/okta/oidc-middleware fatal: remote error:
19 verbose git clone git://github.com/okta/oidc-middleware   Repository not found.
20 silly lockFile 48c36d5f--github-com-okta-oidc-middleware git://github.com/okta/oidc-middleware
21 silly lockFile 48c36d5f--github-com-okta-oidc-middleware git://github.com/okta/oidc-middleware
22 info maybeGithub Attempting okta/oidc-middleware from git+ssh://git@github.com:okta/oidc-middleware
23 silly lockFile c0c12c2d--github-com-okta-oidc-middleware git+ssh://git@github.com:okta/oidc-middleware
24 verbose lock git+ssh://git@github.com:okta/oidc-middleware /home/vagrant/.npm/c0c12c2d--github-com-okta-oidc-middleware.lock
25 verbose addRemoteGit [ 'git@github.com:okta/oidc-middleware', 'master' ]
26 error git clone git@github.com:okta/oidc-middleware Cloning into bare repository '/home/vagrant/.npm/_git-remotes/git-github-com-okta-oidc-middleware-bb99deb7'...
26 error git clone git@github.com:okta/oidc-middleware ERROR: Repository not found.
26 error git clone git@github.com:okta/oidc-middleware fatal: Could not read from remote repository.
26 error git clone git@github.com:okta/oidc-middleware
26 error git clone git@github.com:okta/oidc-middleware Please make sure you have the correct access rights
26 error git clone git@github.com:okta/oidc-middleware and the repository exists.
27 silly lockFile bb99deb7--github-com-okta-oidc-middleware git@github.com:okta/oidc-middleware
28 silly lockFile 6c6a4076-okta-oidc-middleware okta/oidc-middleware
29 silly lockFile 6c6a4076-okta-oidc-middleware okta/oidc-middleware
30 error addLocal Could not install okta/oidc-middleware
31 error Error: ENOENT, stat 'okta/oidc-middleware'
32 error If you need help, you may report this log at:
32 error     <http://github.com/isaacs/npm/issues>
32 error or email it to:
32 error     <npm-@googlegroups.com>
33 error System Linux 3.13.0-123-generic
34 error command "/usr/bin/nodejs" "/usr/bin/npm" "install" "@okta/oidc-middleware"
35 error cwd /home/vagrant/nodejs-hello-world
36 error node -v v0.10.25
37 error npm -v 1.3.10
38 error path okta/oidc-middleware
39 error code ENOENT
40 error errno 34
41 verbose exit [ 34, true ]
